<?xml version="1.0" encoding="UTF-8" ?>
<testsuite failures="0" time="0.01" errors="0" skipped="0" tests="1" name="org.puru.testapp.AppTest">
  <properties>
    <property name="java.runtime.name" value="Java(TM) SE Runtime Environment"/>
    <property name="sun.boot.library.path" value="C:\sdk\jdk\jre\bin"/>
    <property name="java.vm.version" value="20.45-b01"/>
    <property name="java.vm.vendor" value="Sun Microsystems Inc."/>
    <property name="java.vendor.url" value="http://java.sun.com/"/>
    <property name="path.separator" value=";"/>
    <property name="guice.disable.misplaced.annotation.check" value="true"/>
    <property name="java.vm.name" value="Java HotSpot(TM) Client VM"/>
    <property name="file.encoding.pkg" value="sun.io"/>
    <property name="idea.launcher.port" value="7533"/>
    <property name="user.country" value="US"/>
    <property name="sun.java.launcher" value="SUN_STANDARD"/>
    <property name="sun.os.patch.level" value="Service Pack 1"/>
    <property name="java.vm.specification.name" value="Java Virtual Machine Specification"/>
    <property name="user.dir" value="C:\dropwizard\MavenTestApp"/>
    <property name="java.runtime.version" value="1.6.0_45-b06"/>
    <property name="java.awt.graphicsenv" value="sun.awt.Win32GraphicsEnvironment"/>
    <property name="java.endorsed.dirs" value="C:\sdk\jdk\jre\lib\endorsed"/>
    <property name="os.arch" value="x86"/>
    <property name="java.io.tmpdir" value="C:\Users\PKONDA~1\AppData\Local\Temp\"/>
    <property name="line.separator" value="
"/>
    <property name="java.vm.specification.vendor" value="Sun Microsystems Inc."/>
    <property name="user.variant" value=""/>
    <property name="os.name" value="Windows 7"/>
    <property name="classworlds.conf" value="C:\dropwizard\apache-maven-3.0.5\bin\m2.conf"/>
    <property name="sun.jnu.encoding" value="Cp1252"/>
    <property name="java.library.path" value="C:\sdk\jdk\bin;C:\Windows\Sun\Java\bin;C:\Windows\system32;C:\Windows;C:\intellj\IntelliJ IDEA Community Edition 12.1.3\bin\..\.\bin;C:\Program Files\VMware\VMware vSphere CLI\Perl\site\bin;C:\Program Files\VMware\VMware vSphere CLI\Perl\bin;C:\Program Files\RSA SecurID Token Common;C:\Ruby187\bin;C:\Windows\system32;C:\Windows;C:\Windows\System32\Wbem;C:\Windows\System32\WindowsPowerShell\v1.0\;C:\Program Files\Intel\DMIX;C:\Program Files\NTRU Cryptosystems\NTRU TCG Software Stack\bin\;C:\Program Files\WIDCOMM\Bluetooth Software\;c:\Program Files\Microsoft SQL Server\100\Tools\Binn\;c:\Program Files\Microsoft SQL Server\100\DTS\Binn\;C:\Program Files\VMware\VMware Virtual Disk Development Kit\bin\;C:\Program Files\Common Files\SYSTEM\MSMAPI\1033;C:\MinGW\bin;C:\Program Files\Heroku\bin;C:\Program Files\ruby-1.9.2\bin;C:\Program Files\git\bin;C:\Program Files\git\cmd;C:\Program Files\nodejs\;C:\android-sdk\tools;C:\android-sdk\platform-tools;C:\MyWS_Project\apache-ant-1.8.4-bin\apache-ant-1.8.4\bin;C:\Program Files\Java\jdk1.6.0_14\bin;C:\Learn@VMware\php-5.4.10-nts-Win32-VC9-x86;C:\ProgramData\Composer\bin;;C:\Users\pkondappa\AppData\Local\Smartbar\Application\;C:\HashiCorp\Vagrant\bin;C:\Program Files\Perforce;C:\dropwizard\apache-maven-3.0.5\bin;C:\Users\pkondappa\AppData\Roaming\npm\;C:\Program Files\Java\jdk1.6.0_14\bin;C:\MyWS_Project\apache-ant-1.8.4-bin\apache-ant-1.8.4\bin;c:\intellj\intellij idea community edition 12.1.3\jre\jre\bin;."/>
    <property name="java.specification.name" value="Java Platform API Specification"/>
    <property name="java.class.version" value="50.0"/>
    <property name="sun.management.compiler" value="HotSpot Client Compiler"/>
    <property name="os.version" value="6.1"/>
    <property name="user.home" value="C:\Users\pkondappa"/>
    <property name="user.timezone" value="Asia/Calcutta"/>
    <property name="java.awt.printerjob" value="sun.awt.windows.WPrinterJob"/>
    <property name="java.specification.version" value="1.6"/>
    <property name="file.encoding" value="UTF-8"/>
    <property name="idea.launcher.bin.path" value="C:\intellj\IntelliJ IDEA Community Edition 12.1.3\bin"/>
    <property name="user.name" value="pkondappa"/>
    <property name="java.class.path" value="C:\dropwizard\apache-maven-3.0.5\boot\plexus-classworlds-2.4.jar;C:\intellj\IntelliJ IDEA Community Edition 12.1.3\lib\idea_rt.jar"/>
    <property name="java.vm.specification.version" value="1.0"/>
    <property name="sun.arch.data.model" value="32"/>
    <property name="java.home" value="C:\sdk\jdk\jre"/>
    <property name="sun.java.command" value="com.intellij.rt.execution.application.AppMain org.codehaus.classworlds.Launcher --fail-fast --strict-checksums package"/>
    <property name="java.specification.vendor" value="Sun Microsystems Inc."/>
    <property name="user.language" value="en"/>
    <property name="awt.toolkit" value="sun.awt.windows.WToolkit"/>
    <property name="java.vm.info" value="mixed mode, sharing"/>
    <property name="java.version" value="1.6.0_45"/>
    <property name="java.ext.dirs" value="C:\sdk\jdk\jre\lib\ext;C:\Windows\Sun\Java\lib\ext"/>
    <property name="sun.boot.class.path" value="C:\sdk\jdk\jre\lib\resources.jar;C:\sdk\jdk\jre\lib\rt.jar;C:\sdk\jdk\jre\lib\sunrsasign.jar;C:\sdk\jdk\jre\lib\jsse.jar;C:\sdk\jdk\jre\lib\jce.jar;C:\sdk\jdk\jre\lib\charsets.jar;C:\sdk\jdk\jre\lib\modules\jdk.boot.jar;C:\sdk\jdk\jre\classes"/>
    <property name="java.vendor" value="Sun Microsystems Inc."/>
    <property name="maven.home" value="C:\dropwizard\apache-maven-3.0.5"/>
    <property name="file.separator" value="\"/>
    <property name="java.vendor.url.bug" value="http://java.sun.com/cgi-bin/bugreport.cgi"/>
    <property name="sun.cpu.endian" value="little"/>
    <property name="sun.io.unicode.encoding" value="UnicodeLittle"/>
    <property name="sun.desktop" value="windows"/>
    <property name="sun.cpu.isalist" value="pentium_pro+mmx pentium_pro pentium+mmx pentium i486 i386 i86"/>
  </properties>
  <testcase time="0.002" classname="org.puru.testapp.AppTest" name="testApp"/>
</testsuite>